# JRE version: Java(TM) SE Runtime Environment (8.0_201-b09) (build 1.8.0_201-b09)
# Java VM: Java HotSpot(TM) 64-Bit Server VM (25.201-b09 mixed mode linux-amd64 compressed oops)
Heap:
 PSYoungGen      total 159232K, used 11252K [0x00000000e1380000, 0x00000000eba00000, 0x0000000100000000)
  eden space 147968K, 0% used [0x00000000e1380000,0x00000000e1380000,0x00000000ea400000)
  from space 11264K, 99% used [0x00000000ea400000,0x00000000eaefd030,0x00000000eaf00000)
  to   space 9728K, 0% used [0x00000000eaf00000,0x00000000eaf00000,0x00000000eb880000)
 ParOldGen       total 47104K, used 10617K [0x00000000a3a00000, 0x00000000a6800000, 0x00000000e1380000)
  object space 47104K, 22% used [0x00000000a3a00000,0x00000000a445e758,0x00000000a6800000)
 Metaspace       used 31019K, capacity 31488K, committed 31744K, reserved 1077248K
  class space    used 3898K, capacity 4023K, committed 4096K, reserved 1048576K
GC Heap History (10 events):
Event: 1.912 GC heap after
Heap after GC invocations=5 (full 0):
 PSYoungGen      total 52736K, used 3564K [0x00000000e1380000, 0x00000000e8380000, 0x0000000100000000)
  eden space 49152K, 0% used [0x00000000e1380000,0x00000000e1380000,0x00000000e4380000)
  from space 3584K, 99% used [0x00000000e4380000,0x00000000e46fb1e0,0x00000000e4700000)
  to   space 8192K, 0% used [0x00000000e7b80000,0x00000000e7b80000,0x00000000e8380000)
 ParOldGen       total 64512K, used 6241K [0x00000000a3a00000, 0x00000000a7900000, 0x00000000e1380000)
  object space 64512K, 9% used [0x00000000a3a00000,0x00000000a4018438,0x00000000a7900000)
 Metaspace       used 17727K, capacity 17938K, committed 18176K, reserved 1064960K
  class space    used 2192K, capacity 2221K, committed 2304K, reserved 1048576K
}
Event: 2.226 GC heap before
{Heap before GC invocations=6 (full 0):
 PSYoungGen      total 52736K, used 30398K [0x00000000e1380000, 0x00000000e8380000, 0x0000000100000000)
  eden space 49152K, 54% used [0x00000000e1380000,0x00000000e2db4720,0x00000000e4380000)
  from space 3584K, 99% used [0x00000000e4380000,0x00000000e46fb1e0,0x00000000e4700000)
  to   space 8192K, 0% used [0x00000000e7b80000,0x00000000e7b80000,0x00000000e8380000)
 ParOldGen       total 64512K, used 6241K [0x00000000a3a00000, 0x00000000a7900000, 0x00000000e1380000)
  object space 64512K, 9% used [0x00000000a3a00000,0x00000000a4018438,0x00000000a7900000)
 Metaspace       used 20937K, capacity 21198K, committed 21296K, reserved 1069056K
  class space    used 2597K, capacity 2666K, committed 2688K, reserved 1048576K
Event: 2.234 GC heap after
Heap after GC invocations=6 (full 0):
 PSYoungGen      total 106496K, used 6349K [0x00000000e1380000, 0x00000000e8380000, 0x0000000100000000)
  eden space 98304K, 0% used [0x00000000e1380000,0x00000000e1380000,0x00000000e7380000)
  from space 8192K, 77% used [0x00000000e7b80000,0x00000000e81b34f8,0x00000000e8380000)
  to   space 8192K, 0% used [0x00000000e7380000,0x00000000e7380000,0x00000000e7b80000)
 ParOldGen       total 64512K, used 6249K [0x00000000a3a00000, 0x00000000a7900000, 0x00000000e1380000)
  object space 64512K, 9% used [0x00000000a3a00000,0x00000000a401a438,0x00000000a7900000)
 Metaspace       used 20937K, capacity 21198K, committed 21296K, reserved 1069056K
  class space    used 2597K, capacity 2666K, committed 2688K, reserved 1048576K
}
Event: 2.234 GC heap before
{Heap before GC invocations=7 (full 1):
 PSYoungGen      total 106496K, used 6349K [0x00000000e1380000, 0x00000000e8380000, 0x0000000100000000)
  eden space 98304K, 0% used [0x00000000e1380000,0x00000000e1380000,0x00000000e7380000)
  from space 8192K, 77% used [0x00000000e7b80000,0x00000000e81b34f8,0x00000000e8380000)
  to   space 8192K, 0% used [0x00000000e7380000,0x00000000e7380000,0x00000000e7b80000)
 ParOldGen       total 64512K, used 6249K [0x00000000a3a00000, 0x00000000a7900000, 0x00000000e1380000)
  object space 64512K, 9% used [0x00000000a3a00000,0x00000000a401a438,0x00000000a7900000)
 Metaspace       used 20937K, capacity 21198K, committed 21296K, reserved 1069056K
  class space    used 2597K, capacity 2666K, committed 2688K, reserved 1048576K
Event: 2.267 GC heap after
Heap after GC invocations=7 (full 1):
 PSYoungGen      total 106496K, used 0K [0x00000000e1380000, 0x00000000e8380000, 0x0000000100000000)
  eden space 98304K, 0% used [0x00000000e1380000,0x00000000e1380000,0x00000000e7380000)
  from space 8192K, 0% used [0x00000000e7b80000,0x00000000e7b80000,0x00000000e8380000)
  to   space 8192K, 0% used [0x00000000e7380000,0x00000000e7380000,0x00000000e7b80000)
 ParOldGen       total 47104K, used 6975K [0x00000000a3a00000, 0x00000000a6800000, 0x00000000e1380000)
  object space 47104K, 14% used [0x00000000a3a00000,0x00000000a40cfc30,0x00000000a6800000)
 Metaspace       used 20937K, capacity 21198K, committed 21296K, reserved 1069056K
  class space    used 2597K, capacity 2666K, committed 2688K, reserved 1048576K
}
Event: 3.297 GC heap before
{Heap before GC invocations=8 (full 1):
 PSYoungGen      total 106496K, used 98304K [0x00000000e1380000, 0x00000000e8380000, 0x0000000100000000)
  eden space 98304K, 100% used [0x00000000e1380000,0x00000000e7380000,0x00000000e7380000)
  from space 8192K, 0% used [0x00000000e7b80000,0x00000000e7b80000,0x00000000e8380000)
  to   space 8192K, 0% used [0x00000000e7380000,0x00000000e7380000,0x00000000e7b80000)
 ParOldGen       total 47104K, used 6975K [0x00000000a3a00000, 0x00000000a6800000, 0x00000000e1380000)
  object space 47104K, 14% used [0x00000000a3a00000,0x00000000a40cfc30,0x00000000a6800000)
 Metaspace       used 25211K, capacity 25580K, committed 25856K, reserved 1071104K
  class space    used 3151K, capacity 3257K, committed 3328K, reserved 1048576K
Event: 3.309 GC heap after
Heap after GC invocations=8 (full 1):
 PSYoungGen      total 106496K, used 8190K [0x00000000e1380000, 0x00000000eb880000, 0x0000000100000000)
  eden space 98304K, 0% used [0x00000000e1380000,0x00000000e1380000,0x00000000e7380000)
  from space 8192K, 99% used [0x00000000e7380000,0x00000000e7b7f810,0x00000000e7b80000)
  to   space 9728K, 0% used [0x00000000eaf00000,0x00000000eaf00000,0x00000000eb880000)
 ParOldGen       total 47104K, used 7077K [0x00000000a3a00000, 0x00000000a6800000, 0x00000000e1380000)
  object space 47104K, 15% used [0x00000000a3a00000,0x00000000a40e97e8,0x00000000a6800000)
 Metaspace       used 25211K, capacity 25580K, committed 25856K, reserved 1071104K
  class space    used 3151K, capacity 3257K, committed 3328K, reserved 1048576K
}
Event: 4.413 GC heap before
{Heap before GC invocations=9 (full 1):
 PSYoungGen      total 106496K, used 106494K [0x00000000e1380000, 0x00000000eb880000, 0x0000000100000000)
  eden space 98304K, 100% used [0x00000000e1380000,0x00000000e7380000,0x00000000e7380000)
  from space 8192K, 99% used [0x00000000e7380000,0x00000000e7b7f810,0x00000000e7b80000)
  to   space 9728K, 0% used [0x00000000eaf00000,0x00000000eaf00000,0x00000000eb880000)
 ParOldGen       total 47104K, used 7077K [0x00000000a3a00000, 0x00000000a6800000, 0x00000000e1380000)
  object space 47104K, 15% used [0x00000000a3a00000,0x00000000a40e97e8,0x00000000a6800000)
 Metaspace       used 28114K, capacity 28472K, committed 28800K, reserved 1075200K
  class space    used 3530K, capacity 3627K, committed 3712K, reserved 1048576K
Event: 4.426 GC heap after
Heap after GC invocations=9 (full 1):
 PSYoungGen      total 157696K, used 9725K [0x00000000e1380000, 0x00000000eba00000, 0x0000000100000000)
  eden space 147968K, 0% used [0x00000000e1380000,0x00000000e1380000,0x00000000ea400000)
  from space 9728K, 99% used [0x00000000eaf00000,0x00000000eb87f6e8,0x00000000eb880000)
  to   space 11264K, 0% used [0x00000000ea400000,0x00000000ea400000,0x00000000eaf00000)
 ParOldGen       total 47104K, used 7151K [0x00000000a3a00000, 0x00000000a6800000, 0x00000000e1380000)
  object space 47104K, 15% used [0x00000000a3a00000,0x00000000a40fbe28,0x00000000a6800000)
 Metaspace       used 28114K, capacity 28472K, committed 28800K, reserved 1075200K
  class space    used 3530K, capacity 3627K, committed 3712K, reserved 1048576K
}
Event: 5.614 GC heap before
{Heap before GC invocations=10 (full 1):
 PSYoungGen      total 157696K, used 157693K [0x00000000e1380000, 0x00000000eba00000, 0x0000000100000000)
  eden space 147968K, 100% used [0x00000000e1380000,0x00000000ea400000,0x00000000ea400000)
  from space 9728K, 99% used [0x00000000eaf00000,0x00000000eb87f6e8,0x00000000eb880000)
  to   space 11264K, 0% used [0x00000000ea400000,0x00000000ea400000,0x00000000eaf00000)
 ParOldGen       total 47104K, used 7151K [0x00000000a3a00000, 0x00000000a6800000, 0x00000000e1380000)
  object space 47104K, 15% used [0x00000000a3a00000,0x00000000a40fbe28,0x00000000a6800000)
 Metaspace       used 31019K, capacity 31488K, committed 31744K, reserved 1077248K
  class space    used 3898K, capacity 4023K, committed 4096K, reserved 1048576K

