# JRE version: Java(TM) SE Runtime Environment (8.0_201-b09) (build 1.8.0_201-b09)
# Java VM: Java HotSpot(TM) 64-Bit Server VM (25.201-b09 mixed mode linux-amd64 compressed oops)
Heap:
 PSYoungGen      total 172544K, used 11252K [0x00000000e1380000, 0x00000000ec700000, 0x0000000100000000)
  eden space 161280K, 0% used [0x00000000e1380000,0x00000000e1380000,0x00000000eb100000)
  from space 11264K, 99% used [0x00000000eb100000,0x00000000ebbfd030,0x00000000ebc00000)
  to   space 9728K, 0% used [0x00000000ebd80000,0x00000000ebd80000,0x00000000ec700000)
 ParOldGen       total 43520K, used 11188K [0x00000000a3a00000, 0x00000000a6480000, 0x00000000e1380000)
  object space 43520K, 25% used [0x00000000a3a00000,0x00000000a44ed180,0x00000000a6480000)
 Metaspace       used 31156K, capacity 31634K, committed 32000K, reserved 1077248K
  class space    used 3912K, capacity 4026K, committed 4096K, reserved 1048576K
GC Heap History (10 events):
Event: 2.868 GC heap after
Heap after GC invocations=5 (full 0):
 PSYoungGen      total 52736K, used 3582K [0x00000000e1380000, 0x00000000e8380000, 0x0000000100000000)
  eden space 49152K, 0% used [0x00000000e1380000,0x00000000e1380000,0x00000000e4380000)
  from space 3584K, 99% used [0x00000000e4380000,0x00000000e46ff900,0x00000000e4700000)
  to   space 8192K, 0% used [0x00000000e7b80000,0x00000000e7b80000,0x00000000e8380000)
 ParOldGen       total 64512K, used 6547K [0x00000000a3a00000, 0x00000000a7900000, 0x00000000e1380000)
  object space 64512K, 10% used [0x00000000a3a00000,0x00000000a4064e18,0x00000000a7900000)
 Metaspace       used 17842K, capacity 18044K, committed 18176K, reserved 1064960K
  class space    used 2198K, capacity 2228K, committed 2304K, reserved 1048576K
}
Event: 3.165 GC heap before
{Heap before GC invocations=6 (full 0):
 PSYoungGen      total 52736K, used 29193K [0x00000000e1380000, 0x00000000e8380000, 0x0000000100000000)
  eden space 49152K, 52% used [0x00000000e1380000,0x00000000e2c82db0,0x00000000e4380000)
  from space 3584K, 99% used [0x00000000e4380000,0x00000000e46ff900,0x00000000e4700000)
  to   space 8192K, 0% used [0x00000000e7b80000,0x00000000e7b80000,0x00000000e8380000)
 ParOldGen       total 64512K, used 6547K [0x00000000a3a00000, 0x00000000a7900000, 0x00000000e1380000)
  object space 64512K, 10% used [0x00000000a3a00000,0x00000000a4064e18,0x00000000a7900000)
 Metaspace       used 20968K, capacity 21204K, committed 21296K, reserved 1069056K
  class space    used 2603K, capacity 2669K, committed 2688K, reserved 1048576K
Event: 3.183 GC heap after
Heap after GC invocations=6 (full 0):
 PSYoungGen      total 106496K, used 6120K [0x00000000e1380000, 0x00000000e8380000, 0x0000000100000000)
  eden space 98304K, 0% used [0x00000000e1380000,0x00000000e1380000,0x00000000e7380000)
  from space 8192K, 74% used [0x00000000e7b80000,0x00000000e817a3b0,0x00000000e8380000)
  to   space 8192K, 0% used [0x00000000e7380000,0x00000000e7380000,0x00000000e7b80000)
 ParOldGen       total 64512K, used 6619K [0x00000000a3a00000, 0x00000000a7900000, 0x00000000e1380000)
  object space 64512K, 10% used [0x00000000a3a00000,0x00000000a4076e28,0x00000000a7900000)
 Metaspace       used 20968K, capacity 21204K, committed 21296K, reserved 1069056K
  class space    used 2603K, capacity 2669K, committed 2688K, reserved 1048576K
}
Event: 3.183 GC heap before
{Heap before GC invocations=7 (full 1):
 PSYoungGen      total 106496K, used 6120K [0x00000000e1380000, 0x00000000e8380000, 0x0000000100000000)
  eden space 98304K, 0% used [0x00000000e1380000,0x00000000e1380000,0x00000000e7380000)
  from space 8192K, 74% used [0x00000000e7b80000,0x00000000e817a3b0,0x00000000e8380000)
  to   space 8192K, 0% used [0x00000000e7380000,0x00000000e7380000,0x00000000e7b80000)
 ParOldGen       total 64512K, used 6619K [0x00000000a3a00000, 0x00000000a7900000, 0x00000000e1380000)
  object space 64512K, 10% used [0x00000000a3a00000,0x00000000a4076e28,0x00000000a7900000)
 Metaspace       used 20968K, capacity 21204K, committed 21296K, reserved 1069056K
  class space    used 2603K, capacity 2669K, committed 2688K, reserved 1048576K
Event: 3.220 GC heap after
Heap after GC invocations=7 (full 1):
 PSYoungGen      total 106496K, used 0K [0x00000000e1380000, 0x00000000e8380000, 0x0000000100000000)
  eden space 98304K, 0% used [0x00000000e1380000,0x00000000e1380000,0x00000000e7380000)
  from space 8192K, 0% used [0x00000000e7b80000,0x00000000e7b80000,0x00000000e8380000)
  to   space 8192K, 0% used [0x00000000e7380000,0x00000000e7380000,0x00000000e7b80000)
 ParOldGen       total 43520K, used 6947K [0x00000000a3a00000, 0x00000000a6480000, 0x00000000e1380000)
  object space 43520K, 15% used [0x00000000a3a00000,0x00000000a40c8d80,0x00000000a6480000)
 Metaspace       used 20968K, capacity 21204K, committed 21296K, reserved 1069056K
  class space    used 2603K, capacity 2669K, committed 2688K, reserved 1048576K
}
Event: 4.336 GC heap before
{Heap before GC invocations=8 (full 1):
 PSYoungGen      total 106496K, used 98304K [0x00000000e1380000, 0x00000000e8380000, 0x0000000100000000)
  eden space 98304K, 100% used [0x00000000e1380000,0x00000000e7380000,0x00000000e7380000)
  from space 8192K, 0% used [0x00000000e7b80000,0x00000000e7b80000,0x00000000e8380000)
  to   space 8192K, 0% used [0x00000000e7380000,0x00000000e7380000,0x00000000e7b80000)
 ParOldGen       total 43520K, used 6947K [0x00000000a3a00000, 0x00000000a6480000, 0x00000000e1380000)
  object space 43520K, 15% used [0x00000000a3a00000,0x00000000a40c8d80,0x00000000a6480000)
 Metaspace       used 25227K, capacity 25580K, committed 25856K, reserved 1071104K
  class space    used 3151K, capacity 3257K, committed 3328K, reserved 1048576K
Event: 4.351 GC heap after
Heap after GC invocations=8 (full 1):
 PSYoungGen      total 106496K, used 8188K [0x00000000e1380000, 0x00000000ec700000, 0x0000000100000000)
  eden space 98304K, 0% used [0x00000000e1380000,0x00000000e1380000,0x00000000e7380000)
  from space 8192K, 99% used [0x00000000e7380000,0x00000000e7b7f308,0x00000000e7b80000)
  to   space 9728K, 0% used [0x00000000ebd80000,0x00000000ebd80000,0x00000000ec700000)
 ParOldGen       total 43520K, used 7064K [0x00000000a3a00000, 0x00000000a6480000, 0x00000000e1380000)
  object space 43520K, 16% used [0x00000000a3a00000,0x00000000a40e6160,0x00000000a6480000)
 Metaspace       used 25227K, capacity 25580K, committed 25856K, reserved 1071104K
  class space    used 3151K, capacity 3257K, committed 3328K, reserved 1048576K
}
Event: 5.430 GC heap before
{Heap before GC invocations=9 (full 1):
 PSYoungGen      total 106496K, used 106492K [0x00000000e1380000, 0x00000000ec700000, 0x0000000100000000)
  eden space 98304K, 100% used [0x00000000e1380000,0x00000000e7380000,0x00000000e7380000)
  from space 8192K, 99% used [0x00000000e7380000,0x00000000e7b7f308,0x00000000e7b80000)
  to   space 9728K, 0% used [0x00000000ebd80000,0x00000000ebd80000,0x00000000ec700000)
 ParOldGen       total 43520K, used 7064K [0x00000000a3a00000, 0x00000000a6480000, 0x00000000e1380000)
  object space 43520K, 16% used [0x00000000a3a00000,0x00000000a40e6160,0x00000000a6480000)
 Metaspace       used 28141K, capacity 28472K, committed 28800K, reserved 1075200K
  class space    used 3531K, capacity 3627K, committed 3712K, reserved 1048576K
Event: 5.444 GC heap after
Heap after GC invocations=9 (full 1):
 PSYoungGen      total 171008K, used 9723K [0x00000000e1380000, 0x00000000ec700000, 0x0000000100000000)
  eden space 161280K, 0% used [0x00000000e1380000,0x00000000e1380000,0x00000000eb100000)
  from space 9728K, 99% used [0x00000000ebd80000,0x00000000ec6fef10,0x00000000ec700000)
  to   space 11264K, 0% used [0x00000000eb100000,0x00000000eb100000,0x00000000ebc00000)
 ParOldGen       total 43520K, used 7134K [0x00000000a3a00000, 0x00000000a6480000, 0x00000000e1380000)
  object space 43520K, 16% used [0x00000000a3a00000,0x00000000a40f7a40,0x00000000a6480000)
 Metaspace       used 28141K, capacity 28472K, committed 28800K, reserved 1075200K
  class space    used 3531K, capacity 3627K, committed 3712K, reserved 1048576K
}
Event: 6.981 GC heap before
{Heap before GC invocations=10 (full 1):
 PSYoungGen      total 171008K, used 171003K [0x00000000e1380000, 0x00000000ec700000, 0x0000000100000000)
  eden space 161280K, 100% used [0x00000000e1380000,0x00000000eb100000,0x00000000eb100000)
  from space 9728K, 99% used [0x00000000ebd80000,0x00000000ec6fef10,0x00000000ec700000)
  to   space 11264K, 0% used [0x00000000eb100000,0x00000000eb100000,0x00000000ebc00000)
 ParOldGen       total 43520K, used 7134K [0x00000000a3a00000, 0x00000000a6480000, 0x00000000e1380000)
  object space 43520K, 16% used [0x00000000a3a00000,0x00000000a40f7a40,0x00000000a6480000)
 Metaspace       used 31156K, capacity 31634K, committed 32000K, reserved 1077248K
  class space    used 3912K, capacity 4026K, committed 4096K, reserved 1048576K

